<?xml version="1.0" encoding="utf-8"?><testsuites name="pytest tests"><testsuite name="pytest" errors="0" failures="0" skipped="0" tests="6" time="1.017" timestamp="2026-03-04T18:50:34.540068+00:00" hostname="agent-env-7e6006f2-c558-48c8-a2ce-ab3fad7fccd8"><testcase classname="backend.tests.test_phonemon.TestHealth" name="test_root_returns_phonemon_message" time="0.174" /><testcase classname="backend.tests.test_phonemon.TestScores" name="test_post_score" time="0.127" /><testcase classname="backend.tests.test_phonemon.TestScores" name="test_get_scores" time="0.123" /><testcase classname="backend.tests.test_phonemon.TestRooms" name="test_create_room" time="0.153" /><testcase classname="backend.tests.test_phonemon.TestRooms" name="test_room_exists_valid" time="0.172" /><testcase classname="backend.tests.test_phonemon.TestRooms" name="test_room_exists_invalid" time="0.174" /></testsuite></testsuites>