<?xml version="1.0" encoding="utf-8"?><testsuites name="pytest tests"><testsuite name="pytest" errors="0" failures="0" skipped="0" tests="6" time="0.961" timestamp="2026-03-04T17:49:34.545944+00:00" hostname="agent-env-a5632f83-90f4-488a-913c-d82166f23fb0"><testcase classname="backend.tests.test_phonemon.TestHealth" name="test_root_returns_phonemon_message" time="0.229" /><testcase classname="backend.tests.test_phonemon.TestScores" name="test_post_score" time="0.153" /><testcase classname="backend.tests.test_phonemon.TestScores" name="test_get_scores" time="0.129" /><testcase classname="backend.tests.test_phonemon.TestRooms" name="test_create_room" time="0.126" /><testcase classname="backend.tests.test_phonemon.TestRooms" name="test_room_exists_valid" time="0.107" /><testcase classname="backend.tests.test_phonemon.TestRooms" name="test_room_exists_invalid" time="0.120" /></testsuite></testsuites>